Job started on sw-amp02 at Fri  6 Jun 16:23:20 BST 2025
Activating virtual environment...
Using Python: /cephfs/store/gr-mc2473/jl2268/JAX_NestedSampling_Stream/David/bin/python
Using GPU: 0
JAX devices: [cuda(id=0)]
Running inference script...
Setting up nested sampling algorithm...
Initial particles generated, shape: (100, 15)
Execution time: 0.0373 seconds
Running nested sampling...
logZ: 110000000000000003691986914299320056071430801026917001930001442187365747745686601407852455049633464320.0000
logZ: 80000000000000001272231288780793443746886468511562251118250620461982710177363048486507759886854520832.0000
logZ: 49999999999999998852475663262266831422342135996207500306499798736599672609039495565163064724075577344.0000
logZ: 30000000000000002419755625518526612324544332515354750811750821725383037568323552921344695162778943488.0000
logZ: 10000000000000000159028911097599180468360808563945281389781327557747838772170381060813469985856815104.0000
logZ: 20554.7125
logZ: 11615.3428
logZ: 7905.9800
logZ: 5485.0351
logZ: 4166.9532
logZ: 3129.9920
logZ: 2251.8638
logZ: 1665.7207
logZ: 1719.3706
logZ: 1520.9222
logZ: 1171.4675
logZ: 966.8339
logZ: 779.6719
logZ: 756.9295
logZ: 598.6646
logZ: 435.8019
logZ: 381.9967
logZ: 311.5292
logZ: 238.2961
logZ: 215.8836
logZ: 172.5397
logZ: 130.9953
logZ: 97.7364
logZ: 86.7266
logZ: 64.4642
logZ: 51.0808
logZ: 36.5903
logZ: 35.4449
logZ: 36.7297
logZ: 29.7616
logZ: 22.2291
logZ: 28.1694
logZ: 22.8202
logZ: 17.9367
logZ: 14.0072
logZ: 14.3919
logZ: 11.6899
logZ: 8.8525
logZ: 8.4681
logZ: 6.8700
logZ: 5.3143
logZ: 4.2550
logZ: 4.9671
logZ: 3.7599
logZ: 2.9639
logZ: 2.8185
logZ: 3.6066
logZ: 3.3756
logZ: 2.6232
logZ: 1.8964
logZ: 1.2208
logZ: 0.9712
logZ: 0.4634
logZ: 0.1665
logZ: -0.4305
logZ: -0.7904
logZ: -1.2271
logZ: -1.7159
logZ: -2.1300
logZ: -2.5928
logZ: -3.0652
Job finished at Fri  6 Jun 18:35:13 BST 2025
