Job started on sw-amp02 at Fri  6 Jun 16:27:36 BST 2025
Activating virtual environment...
Using Python: /cephfs/store/gr-mc2473/jl2268/JAX_NestedSampling_Stream/David/bin/python
Using GPU: 0
JAX devices: [cuda(id=0)]
Running inference script...
Setting up nested sampling algorithm...
Initial particles generated, shape: (500, 15)
Execution time: 0.0411 seconds
Running nested sampling...
logZ: 110000000000000003691986914299320056071430801026917001930001442187365747745686601407852455049633464320.0000
logZ: 90000000000000007259266876555579836973632997546064252435252465176149112704970658764034085488336830464.0000
logZ: 60000000000000004839511251037053224649088665030709501623501643450766075136647105842689390325557886976.0000
logZ: 40000000000000000636115644390396721873443234255781125559125310230991355088681524243253879943427260416.0000
logZ: 30000000000000002419755625518526612324544332515354750811750821725383037568323552921344695162778943488.0000
logZ: 10000000000000000159028911097599180468360808563945281389781327557747838772170381060813469985856815104.0000
logZ: 22946.5869
logZ: 11916.3576
logZ: 7870.8848
logZ: 5341.0740
logZ: 3929.7329
logZ: 2960.4902
logZ: 2459.3974
logZ: 2026.9303
logZ: 1571.7548
logZ: 1300.3458
logZ: 1034.2730
logZ: 866.9738
logZ: 740.5589
logZ: 629.8078
logZ: 491.3354
logZ: 380.8669
logZ: 338.8261
logZ: 303.0204
logZ: 238.1675
logZ: 189.0520
logZ: 152.6464
logZ: 125.0643
logZ: 110.5946
logZ: 89.1511
logZ: 69.3901
logZ: 56.7609
logZ: 49.7384
logZ: 43.6392
logZ: 35.3307
logZ: 30.0217
logZ: 24.8118
logZ: 21.3510
logZ: 16.6683
logZ: 13.5359
logZ: 12.0418
logZ: 11.6657
logZ: 11.6567
logZ: 9.2925
logZ: 7.1908
logZ: 6.4623
logZ: 5.1069
logZ: 4.2978
logZ: 3.3860
logZ: 2.7860
logZ: 2.3972
logZ: 1.7582
logZ: 1.2088
logZ: 0.9197
logZ: 0.4478
logZ: 0.0508
logZ: -0.3078
logZ: -0.7363
logZ: -1.0790
logZ: -1.5134
logZ: -1.9107
logZ: -2.3242
logZ: -2.7473
logZ: -3.2041
Job finished at Sat  7 Jun 03:09:57 BST 2025
